# JRE version: Java(TM) SE Runtime Environment (21.0.1+12) (build 21.0.1+12-LTS-29)
# Java VM: Java HotSpot(TM) 64-Bit Server VM (21.0.1+12-LTS-29, mixed mode, sharing, tiered, compressed oops, compressed class ptrs, g1 gc, windows-amd64)
GC Precious Log:
 CardTable entry size: 512
 Card Set container configuration: InlinePtr #cards 4 size 8 Array Of Cards #cards 16 size 48 Howl #buckets 8 coarsen threshold 3686 Howl Bitmap #cards 512 size 80 coarsen threshold 460 Card regions per heap region 1 cards per card region 4096
 CPUs: 12 total, 12 available
 Memory: 7835M
 Large Page Support: Disabled
 NUMA Support: Disabled
 Compressed Oops: Enabled (Zero based)
 Heap Region Size: 2M
 Heap Min Capacity: 8M
 Heap Initial Capacity: 124M
 Heap Max Capacity: 4G
 Pre-touch: Disabled
 Parallel Workers: 10
 Concurrent Workers: 3
 Concurrent Refinement Workers: 10
 Periodic GC: Disabled
Heap:
 garbage-first heap   total 110592K, used 65995K [0x0000000700000000, 0x0000000800000000)
  region size 2048K, 12 young (24576K), 3 survivors (6144K)
 Metaspace       used 62649K, committed 64640K, reserved 1114112K
  class space    used 9151K, committed 10176K, reserved 1048576K
GC Heap History (20 events):
Event: 2.381 GC heap before
{Heap before GC invocations=4 (full 0):
 garbage-first heap   total 126976K, used 34128K [0x0000000700000000, 0x0000000800000000)
  region size 2048K, 11 young (22528K), 5 survivors (10240K)
 Metaspace       used 20841K, committed 21504K, reserved 1114112K
  class space    used 3003K, committed 3328K, reserved 1048576K
}
Event: 2.386 GC heap after
{Heap after GC invocations=5 (full 0):
 garbage-first heap   total 153600K, used 24208K [0x0000000700000000, 0x0000000800000000)
  region size 2048K, 3 young (6144K), 3 survivors (6144K)
 Metaspace       used 20841K, committed 21504K, reserved 1114112K
  class space    used 3003K, committed 3328K, reserved 1048576K
}
Event: 2.968 GC heap before
{Heap before GC invocations=6 (full 0):
 garbage-first heap   total 90112K, used 71312K [0x0000000700000000, 0x0000000800000000)
  region size 2048K, 26 young (53248K), 3 survivors (6144K)
 Metaspace       used 26968K, committed 28032K, reserved 1114112K
  class space    used 4020K, committed 4544K, reserved 1048576K
}
Event: 2.974 GC heap after
{Heap after GC invocations=7 (full 0):
 garbage-first heap   total 90112K, used 26737K [0x0000000700000000, 0x0000000800000000)
  region size 2048K, 2 young (4096K), 2 survivors (4096K)
 Metaspace       used 26968K, committed 28032K, reserved 1114112K
  class space    used 4020K, committed 4544K, reserved 1048576K
}
Event: 3.497 GC heap before
{Heap before GC invocations=7 (full 0):
 garbage-first heap   total 90112K, used 71793K [0x0000000700000000, 0x0000000800000000)
  region size 2048K, 25 young (51200K), 2 survivors (4096K)
 Metaspace       used 34881K, committed 36096K, reserved 1114112K
  class space    used 5084K, committed 5696K, reserved 1048576K
}
Event: 3.502 GC heap after
{Heap after GC invocations=8 (full 0):
 garbage-first heap   total 90112K, used 30694K [0x0000000700000000, 0x0000000800000000)
  region size 2048K, 4 young (8192K), 4 survivors (8192K)
 Metaspace       used 34881K, committed 36096K, reserved 1114112K
  class space    used 5084K, committed 5696K, reserved 1048576K
}
Event: 3.830 GC heap before
{Heap before GC invocations=9 (full 0):
 garbage-first heap   total 90112K, used 75750K [0x0000000700000000, 0x0000000800000000)
  region size 2048K, 25 young (51200K), 4 survivors (8192K)
 Metaspace       used 38420K, committed 39680K, reserved 1114112K
  class space    used 5440K, committed 6080K, reserved 1048576K
}
Event: 3.836 GC heap after
{Heap after GC invocations=10 (full 0):
 garbage-first heap   total 92160K, used 35111K [0x0000000700000000, 0x0000000800000000)
  region size 2048K, 4 young (8192K), 4 survivors (8192K)
 Metaspace       used 38420K, committed 39680K, reserved 1114112K
  class space    used 5440K, committed 6080K, reserved 1048576K
}
Event: 4.117 GC heap before
{Heap before GC invocations=10 (full 0):
 garbage-first heap   total 92160K, used 76071K [0x0000000700000000, 0x0000000800000000)
  region size 2048K, 24 young (49152K), 4 survivors (8192K)
 Metaspace       used 40525K, committed 41920K, reserved 1114112K
  class space    used 5764K, committed 6464K, reserved 1048576K
}
Event: 4.122 GC heap after
{Heap after GC invocations=11 (full 0):
 garbage-first heap   total 92160K, used 37786K [0x0000000700000000, 0x0000000800000000)
  region size 2048K, 2 young (4096K), 2 survivors (4096K)
 Metaspace       used 40525K, committed 41920K, reserved 1114112K
  class space    used 5764K, committed 6464K, reserved 1048576K
}
Event: 4.464 GC heap before
{Heap before GC invocations=11 (full 0):
 garbage-first heap   total 92160K, used 74650K [0x0000000700000000, 0x0000000800000000)
  region size 2048K, 21 young (43008K), 2 survivors (4096K)
 Metaspace       used 44468K, committed 45952K, reserved 1114112K
  class space    used 6296K, committed 7040K, reserved 1048576K
}
Event: 4.468 GC heap after
{Heap after GC invocations=12 (full 0):
 garbage-first heap   total 110592K, used 40169K [0x0000000700000000, 0x0000000800000000)
  region size 2048K, 3 young (6144K), 3 survivors (6144K)
 Metaspace       used 44468K, committed 45952K, reserved 1114112K
  class space    used 6296K, committed 7040K, reserved 1048576K
}
Event: 5.015 GC heap before
{Heap before GC invocations=12 (full 0):
 garbage-first heap   total 110592K, used 91369K [0x0000000700000000, 0x0000000800000000)
  region size 2048K, 29 young (59392K), 3 survivors (6144K)
 Metaspace       used 50130K, committed 51968K, reserved 1114112K
  class space    used 7290K, committed 8192K, reserved 1048576K
}
Event: 5.020 GC heap after
{Heap after GC invocations=13 (full 0):
 garbage-first heap   total 110592K, used 42866K [0x0000000700000000, 0x0000000800000000)
  region size 2048K, 3 young (6144K), 3 survivors (6144K)
 Metaspace       used 50130K, committed 51968K, reserved 1114112K
  class space    used 7290K, committed 8192K, reserved 1048576K
}
Event: 5.554 GC heap before
{Heap before GC invocations=13 (full 0):
 garbage-first heap   total 110592K, used 94066K [0x0000000700000000, 0x0000000800000000)
  region size 2048K, 28 young (57344K), 3 survivors (6144K)
 Metaspace       used 55637K, committed 57472K, reserved 1114112K
  class space    used 8007K, committed 8960K, reserved 1048576K
}
Event: 5.561 GC heap after
{Heap after GC invocations=14 (full 0):
 garbage-first heap   total 110592K, used 45541K [0x0000000700000000, 0x0000000800000000)
  region size 2048K, 3 young (6144K), 3 survivors (6144K)
 Metaspace       used 55637K, committed 57472K, reserved 1114112K
  class space    used 8007K, committed 8960K, reserved 1048576K
}
Event: 5.871 GC heap before
{Heap before GC invocations=14 (full 0):
 garbage-first heap   total 110592K, used 72165K [0x0000000700000000, 0x0000000800000000)
  region size 2048K, 17 young (34816K), 3 survivors (6144K)
 Metaspace       used 58650K, committed 60480K, reserved 1114112K
  class space    used 8482K, committed 9408K, reserved 1048576K
}
Event: 5.877 GC heap after
{Heap after GC invocations=15 (full 0):
 garbage-first heap   total 110592K, used 47293K [0x0000000700000000, 0x0000000800000000)
  region size 2048K, 3 young (6144K), 3 survivors (6144K)
 Metaspace       used 58650K, committed 60480K, reserved 1114112K
  class space    used 8482K, committed 9408K, reserved 1048576K
}
Event: 7.120 GC heap before
{Heap before GC invocations=16 (full 0):
 garbage-first heap   total 110592K, used 94397K [0x0000000700000000, 0x0000000800000000)
  region size 2048K, 26 young (53248K), 3 survivors (6144K)
 Metaspace       used 62122K, committed 64128K, reserved 1114112K
  class space    used 9062K, committed 10048K, reserved 1048576K
}
Event: 7.126 GC heap after
{Heap after GC invocations=17 (full 0):
 garbage-first heap   total 110592K, used 51659K [0x0000000700000000, 0x0000000800000000)
  region size 2048K, 3 young (6144K), 3 survivors (6144K)
 Metaspace       used 62122K, committed 64128K, reserved 1114112K
  class space    used 9062K, committed 10048K, reserved 1048576K
}

