# JRE version: OpenJDK Runtime Environment Temurin-17.0.13+11 (17.0.13+11) (build 17.0.13+11)
# Java VM: OpenJDK 64-Bit Server VM Temurin-17.0.13+11 (17.0.13+11, mixed mode, tiered, compressed oops, compressed class ptrs, parallel gc, windows-amd64)
GC Precious Log:
 CPUs: 12 total, 12 available
 Memory: 7835M
 Large Page Support: Disabled
 NUMA Support: Disabled
 Compressed Oops: Enabled (32-bit)
 Alignments: Space 512K, Generation 512K, Heap 2M
 Heap Min Capacity: 100M
 Heap Initial Capacity: 100M
 Heap Max Capacity: 1G
 Pre-touch: Disabled
 Parallel Workers: 10
Heap:
 PSYoungGen      total 20992K, used 19369K [0x00000000eab00000, 0x00000000ec400000, 0x0000000100000000)
  eden space 18432K, 96% used [0x00000000eab00000,0x00000000ebc62518,0x00000000ebd00000)
  from space 2560K, 61% used [0x00000000ebf80000,0x00000000ec108000,0x00000000ec200000)
  to   space 2048K, 0% used [0x00000000ec200000,0x00000000ec200000,0x00000000ec400000)
 ParOldGen       total 260608K, used 189108K [0x00000000c0000000, 0x00000000cfe80000, 0x00000000eab00000)
  object space 260608K, 72% used [0x00000000c0000000,0x00000000cb8ad1d0,0x00000000cfe80000)
 Metaspace       used 68884K, committed 70016K, reserved 1114112K
  class space    used 7945K, committed 8448K, reserved 1048576K
GC Heap History (20 events):
Event: 13.371 GC heap before
{Heap before GC invocations=120 (full 8):
 PSYoungGen      total 32256K, used 32227K [0x00000000eab00000, 0x00000000ee980000, 0x0000000100000000)
  eden space 13824K, 100% used [0x00000000eab00000,0x00000000eb880000,0x00000000eb880000)
  from space 18432K, 99% used [0x00000000eb900000,0x00000000ecaf8e58,0x00000000ecb00000)
  to   space 25088K, 0% used [0x00000000ed100000,0x00000000ed100000,0x00000000ee980000)
 ParOldGen       total 353792K, used 323414K [0x00000000c0000000, 0x00000000d5980000, 0x00000000eab00000)
  object space 353792K, 91% used [0x00000000c0000000,0x00000000d3bd5840,0x00000000d5980000)
 Metaspace       used 59409K, committed 60480K, reserved 1114112K
  class space    used 6474K, committed 6912K, reserved 1048576K
}
Event: 13.393 GC heap after
{Heap after GC invocations=120 (full 8):
 PSYoungGen      total 19456K, used 3945K [0x00000000eab00000, 0x00000000ed500000, 0x0000000100000000)
  eden space 15360K, 0% used [0x00000000eab00000,0x00000000eab00000,0x00000000eba00000)
  from space 4096K, 96% used [0x00000000ed100000,0x00000000ed4da5a8,0x00000000ed500000)
  to   space 11264K, 0% used [0x00000000ebf00000,0x00000000ebf00000,0x00000000eca00000)
 ParOldGen       total 353792K, used 337195K [0x00000000c0000000, 0x00000000d5980000, 0x00000000eab00000)
  object space 353792K, 95% used [0x00000000c0000000,0x00000000d494aea8,0x00000000d5980000)
 Metaspace       used 59409K, committed 60480K, reserved 1114112K
  class space    used 6474K, committed 6912K, reserved 1048576K
}
Event: 19.174 GC heap before
{Heap before GC invocations=121 (full 8):
 PSYoungGen      total 19456K, used 19305K [0x00000000eab00000, 0x00000000ed500000, 0x0000000100000000)
  eden space 15360K, 100% used [0x00000000eab00000,0x00000000eba00000,0x00000000eba00000)
  from space 4096K, 96% used [0x00000000ed100000,0x00000000ed4da5a8,0x00000000ed500000)
  to   space 11264K, 0% used [0x00000000ebf00000,0x00000000ebf00000,0x00000000eca00000)
 ParOldGen       total 353792K, used 337195K [0x00000000c0000000, 0x00000000d5980000, 0x00000000eab00000)
  object space 353792K, 95% used [0x00000000c0000000,0x00000000d494aea8,0x00000000d5980000)
 Metaspace       used 60077K, committed 61184K, reserved 1114112K
  class space    used 6587K, committed 7040K, reserved 1048576K
}
Event: 19.178 GC heap after
{Heap after GC invocations=121 (full 8):
 PSYoungGen      total 27648K, used 10585K [0x00000000eab00000, 0x00000000ed380000, 0x0000000100000000)
  eden space 16896K, 0% used [0x00000000eab00000,0x00000000eab00000,0x00000000ebb80000)
  from space 10752K, 98% used [0x00000000ebf00000,0x00000000ec956788,0x00000000ec980000)
  to   space 10240K, 0% used [0x00000000ec980000,0x00000000ec980000,0x00000000ed380000)
 ParOldGen       total 353792K, used 337203K [0x00000000c0000000, 0x00000000d5980000, 0x00000000eab00000)
  object space 353792K, 95% used [0x00000000c0000000,0x00000000d494cea8,0x00000000d5980000)
 Metaspace       used 60077K, committed 61184K, reserved 1114112K
  class space    used 6587K, committed 7040K, reserved 1048576K
}
Event: 19.586 GC heap before
{Heap before GC invocations=122 (full 8):
 PSYoungGen      total 27648K, used 27481K [0x00000000eab00000, 0x00000000ed380000, 0x0000000100000000)
  eden space 16896K, 100% used [0x00000000eab00000,0x00000000ebb80000,0x00000000ebb80000)
  from space 10752K, 98% used [0x00000000ebf00000,0x00000000ec956788,0x00000000ec980000)
  to   space 10240K, 0% used [0x00000000ec980000,0x00000000ec980000,0x00000000ed380000)
 ParOldGen       total 353792K, used 337203K [0x00000000c0000000, 0x00000000d5980000, 0x00000000eab00000)
  object space 353792K, 95% used [0x00000000c0000000,0x00000000d494cea8,0x00000000d5980000)
 Metaspace       used 61249K, committed 62336K, reserved 1114112K
  class space    used 6799K, committed 7232K, reserved 1048576K
}
Event: 19.591 GC heap after
{Heap after GC invocations=122 (full 8):
 PSYoungGen      total 28672K, used 10224K [0x00000000eab00000, 0x00000000ed400000, 0x0000000100000000)
  eden space 18432K, 0% used [0x00000000eab00000,0x00000000eab00000,0x00000000ebd00000)
  from space 10240K, 99% used [0x00000000ec980000,0x00000000ed37c118,0x00000000ed380000)
  to   space 11776K, 0% used [0x00000000ebd00000,0x00000000ebd00000,0x00000000ec880000)
 ParOldGen       total 353792K, used 338059K [0x00000000c0000000, 0x00000000d5980000, 0x00000000eab00000)
  object space 353792K, 95% used [0x00000000c0000000,0x00000000d4a22eb8,0x00000000d5980000)
 Metaspace       used 61249K, committed 62336K, reserved 1114112K
  class space    used 6799K, committed 7232K, reserved 1048576K
}
Event: 20.792 GC heap before
{Heap before GC invocations=123 (full 8):
 PSYoungGen      total 28672K, used 28656K [0x00000000eab00000, 0x00000000ed400000, 0x0000000100000000)
  eden space 18432K, 100% used [0x00000000eab00000,0x00000000ebd00000,0x00000000ebd00000)
  from space 10240K, 99% used [0x00000000ec980000,0x00000000ed37c118,0x00000000ed380000)
  to   space 11776K, 0% used [0x00000000ebd00000,0x00000000ebd00000,0x00000000ec880000)
 ParOldGen       total 353792K, used 338059K [0x00000000c0000000, 0x00000000d5980000, 0x00000000eab00000)
  object space 353792K, 95% used [0x00000000c0000000,0x00000000d4a22eb8,0x00000000d5980000)
 Metaspace       used 61688K, committed 62720K, reserved 1114112K
  class space    used 6854K, committed 7296K, reserved 1048576K
}
Event: 20.796 GC heap after
{Heap after GC invocations=123 (full 8):
 PSYoungGen      total 26624K, used 7798K [0x00000000eab00000, 0x00000000ecf00000, 0x0000000100000000)
  eden space 18432K, 0% used [0x00000000eab00000,0x00000000eab00000,0x00000000ebd00000)
  from space 8192K, 95% used [0x00000000ebd00000,0x00000000ec49d810,0x00000000ec500000)
  to   space 9216K, 0% used [0x00000000ec600000,0x00000000ec600000,0x00000000ecf00000)
 ParOldGen       total 353792K, used 341133K [0x00000000c0000000, 0x00000000d5980000, 0x00000000eab00000)
  object space 353792K, 96% used [0x00000000c0000000,0x00000000d4d23620,0x00000000d5980000)
 Metaspace       used 61688K, committed 62720K, reserved 1114112K
  class space    used 6854K, committed 7296K, reserved 1048576K
}
Event: 25.006 GC heap before
{Heap before GC invocations=124 (full 8):
 PSYoungGen      total 26624K, used 26230K [0x00000000eab00000, 0x00000000ecf00000, 0x0000000100000000)
  eden space 18432K, 99% used [0x00000000eab00000,0x00000000ebcffff8,0x00000000ebd00000)
  from space 8192K, 95% used [0x00000000ebd00000,0x00000000ec49d810,0x00000000ec500000)
  to   space 9216K, 0% used [0x00000000ec600000,0x00000000ec600000,0x00000000ecf00000)
 ParOldGen       total 353792K, used 341133K [0x00000000c0000000, 0x00000000d5980000, 0x00000000eab00000)
  object space 353792K, 96% used [0x00000000c0000000,0x00000000d4d23620,0x00000000d5980000)
 Metaspace       used 61693K, committed 62784K, reserved 1114112K
  class space    used 6854K, committed 7296K, reserved 1048576K
}
Event: 25.010 GC heap after
{Heap after GC invocations=124 (full 8):
 PSYoungGen      total 26624K, used 8144K [0x00000000eab00000, 0x00000000ece00000, 0x0000000100000000)
  eden space 18432K, 0% used [0x00000000eab00000,0x00000000eab00000,0x00000000ebd00000)
  from space 8192K, 99% used [0x00000000ec600000,0x00000000ecdf4170,0x00000000ece00000)
  to   space 8704K, 0% used [0x00000000ebd00000,0x00000000ebd00000,0x00000000ec580000)
 ParOldGen       total 353792K, used 341141K [0x00000000c0000000, 0x00000000d5980000, 0x00000000eab00000)
  object space 353792K, 96% used [0x00000000c0000000,0x00000000d4d25620,0x00000000d5980000)
 Metaspace       used 61693K, committed 62784K, reserved 1114112K
  class space    used 6854K, committed 7296K, reserved 1048576K
}
Event: 29.677 GC heap before
{Heap before GC invocations=125 (full 8):
 PSYoungGen      total 26624K, used 26576K [0x00000000eab00000, 0x00000000ece00000, 0x0000000100000000)
  eden space 18432K, 100% used [0x00000000eab00000,0x00000000ebd00000,0x00000000ebd00000)
  from space 8192K, 99% used [0x00000000ec600000,0x00000000ecdf4170,0x00000000ece00000)
  to   space 8704K, 0% used [0x00000000ebd00000,0x00000000ebd00000,0x00000000ec580000)
 ParOldGen       total 353792K, used 341141K [0x00000000c0000000, 0x00000000d5980000, 0x00000000eab00000)
  object space 353792K, 96% used [0x00000000c0000000,0x00000000d4d25620,0x00000000d5980000)
 Metaspace       used 61709K, committed 62784K, reserved 1114112K
  class space    used 6854K, committed 7296K, reserved 1048576K
}
Event: 29.683 GC heap after
{Heap after GC invocations=125 (full 8):
 PSYoungGen      total 27136K, used 8683K [0x00000000eab00000, 0x00000000ed600000, 0x0000000100000000)
  eden space 18432K, 0% used [0x00000000eab00000,0x00000000eab00000,0x00000000ebd00000)
  from space 8704K, 99% used [0x00000000ebd00000,0x00000000ec57ace8,0x00000000ec580000)
  to   space 12800K, 0% used [0x00000000ec980000,0x00000000ec980000,0x00000000ed600000)
 ParOldGen       total 353792K, used 344538K [0x00000000c0000000, 0x00000000d5980000, 0x00000000eab00000)
  object space 353792K, 97% used [0x00000000c0000000,0x00000000d5076bc0,0x00000000d5980000)
 Metaspace       used 61709K, committed 62784K, reserved 1114112K
  class space    used 6854K, committed 7296K, reserved 1048576K
}
Event: 29.934 GC heap before
{Heap before GC invocations=126 (full 8):
 PSYoungGen      total 27136K, used 27115K [0x00000000eab00000, 0x00000000ed600000, 0x0000000100000000)
  eden space 18432K, 100% used [0x00000000eab00000,0x00000000ebd00000,0x00000000ebd00000)
  from space 8704K, 99% used [0x00000000ebd00000,0x00000000ec57ace8,0x00000000ec580000)
  to   space 12800K, 0% used [0x00000000ec980000,0x00000000ec980000,0x00000000ed600000)
 ParOldGen       total 353792K, used 344538K [0x00000000c0000000, 0x00000000d5980000, 0x00000000eab00000)
  object space 353792K, 97% used [0x00000000c0000000,0x00000000d5076bc0,0x00000000d5980000)
 Metaspace       used 62977K, committed 64064K, reserved 1114112K
  class space    used 7097K, committed 7552K, reserved 1048576K
}
Event: 29.938 GC heap after
{Heap after GC invocations=126 (full 8):
 PSYoungGen      total 22016K, used 3403K [0x00000000eab00000, 0x00000000ecd00000, 0x0000000100000000)
  eden space 18432K, 0% used [0x00000000eab00000,0x00000000eab00000,0x00000000ebd00000)
  from space 3584K, 94% used [0x00000000ec980000,0x00000000eccd2f68,0x00000000ecd00000)
  to   space 6656K, 0% used [0x00000000ec000000,0x00000000ec000000,0x00000000ec680000)
 ParOldGen       total 353792K, used 350765K [0x00000000c0000000, 0x00000000d5980000, 0x00000000eab00000)
  object space 353792K, 99% used [0x00000000c0000000,0x00000000d568b750,0x00000000d5980000)
 Metaspace       used 62977K, committed 64064K, reserved 1114112K
  class space    used 7097K, committed 7552K, reserved 1048576K
}
Event: 30.186 GC heap before
{Heap before GC invocations=127 (full 9):
 PSYoungGen      total 22016K, used 21835K [0x00000000eab00000, 0x00000000ecd00000, 0x0000000100000000)
  eden space 18432K, 100% used [0x00000000eab00000,0x00000000ebd00000,0x00000000ebd00000)
  from space 3584K, 94% used [0x00000000ec980000,0x00000000eccd2f68,0x00000000ecd00000)
  to   space 6656K, 0% used [0x00000000ec000000,0x00000000ec000000,0x00000000ec680000)
 ParOldGen       total 353792K, used 350765K [0x00000000c0000000, 0x00000000d5980000, 0x00000000eab00000)
  object space 353792K, 99% used [0x00000000c0000000,0x00000000d568b750,0x00000000d5980000)
 Metaspace       used 64951K, committed 66048K, reserved 1114112K
  class space    used 7412K, committed 7872K, reserved 1048576K
}
Event: 30.368 GC heap after
{Heap after GC invocations=127 (full 9):
 PSYoungGen      total 18944K, used 0K [0x00000000eab00000, 0x00000000eca00000, 0x0000000100000000)
  eden space 18432K, 0% used [0x00000000eab00000,0x00000000eab00000,0x00000000ebd00000)
  from space 512K, 0% used [0x00000000ec000000,0x00000000ec000000,0x00000000ec080000)
  to   space 6656K, 0% used [0x00000000ec380000,0x00000000ec380000,0x00000000eca00000)
 ParOldGen       total 260608K, used 189092K [0x00000000c0000000, 0x00000000cfe80000, 0x00000000eab00000)
  object space 260608K, 72% used [0x00000000c0000000,0x00000000cb8a91d0,0x00000000cfe80000)
 Metaspace       used 64951K, committed 66048K, reserved 1114112K
  class space    used 7412K, committed 7872K, reserved 1048576K
}
Event: 30.952 GC heap before
{Heap before GC invocations=128 (full 9):
 PSYoungGen      total 18944K, used 18432K [0x00000000eab00000, 0x00000000eca00000, 0x0000000100000000)
  eden space 18432K, 100% used [0x00000000eab00000,0x00000000ebd00000,0x00000000ebd00000)
  from space 512K, 0% used [0x00000000ec000000,0x00000000ec000000,0x00000000ec080000)
  to   space 6656K, 0% used [0x00000000ec380000,0x00000000ec380000,0x00000000eca00000)
 ParOldGen       total 260608K, used 189092K [0x00000000c0000000, 0x00000000cfe80000, 0x00000000eab00000)
  object space 260608K, 72% used [0x00000000c0000000,0x00000000cb8a91d0,0x00000000cfe80000)
 Metaspace       used 66725K, committed 67840K, reserved 1114112K
  class space    used 7662K, committed 8128K, reserved 1048576K
}
Event: 30.954 GC heap after
{Heap after GC invocations=128 (full 9):
 PSYoungGen      total 19456K, used 848K [0x00000000eab00000, 0x00000000ec480000, 0x0000000100000000)
  eden space 18432K, 0% used [0x00000000eab00000,0x00000000eab00000,0x00000000ebd00000)
  from space 1024K, 82% used [0x00000000ec380000,0x00000000ec454010,0x00000000ec480000)
  to   space 2560K, 0% used [0x00000000ebf80000,0x00000000ebf80000,0x00000000ec200000)
 ParOldGen       total 260608K, used 189100K [0x00000000c0000000, 0x00000000cfe80000, 0x00000000eab00000)
  object space 260608K, 72% used [0x00000000c0000000,0x00000000cb8ab1d0,0x00000000cfe80000)
 Metaspace       used 66725K, committed 67840K, reserved 1114112K
  class space    used 7662K, committed 8128K, reserved 1048576K
}
Event: 35.742 GC heap before
{Heap before GC invocations=129 (full 9):
 PSYoungGen      total 19456K, used 19280K [0x00000000eab00000, 0x00000000ec480000, 0x0000000100000000)
  eden space 18432K, 100% used [0x00000000eab00000,0x00000000ebd00000,0x00000000ebd00000)
  from space 1024K, 82% used [0x00000000ec380000,0x00000000ec454010,0x00000000ec480000)
  to   space 2560K, 0% used [0x00000000ebf80000,0x00000000ebf80000,0x00000000ec200000)
 ParOldGen       total 260608K, used 189100K [0x00000000c0000000, 0x00000000cfe80000, 0x00000000eab00000)
  object space 260608K, 72% used [0x00000000c0000000,0x00000000cb8ab1d0,0x00000000cfe80000)
 Metaspace       used 68537K, committed 69696K, reserved 1114112K
  class space    used 7902K, committed 8384K, reserved 1048576K
}
Event: 35.744 GC heap after
{Heap after GC invocations=129 (full 9):
 PSYoungGen      total 20992K, used 1568K [0x00000000eab00000, 0x00000000ec400000, 0x0000000100000000)
  eden space 18432K, 0% used [0x00000000eab00000,0x00000000eab00000,0x00000000ebd00000)
  from space 2560K, 61% used [0x00000000ebf80000,0x00000000ec108000,0x00000000ec200000)
  to   space 2048K, 0% used [0x00000000ec200000,0x00000000ec200000,0x00000000ec400000)
 ParOldGen       total 260608K, used 189108K [0x00000000c0000000, 0x00000000cfe80000, 0x00000000eab00000)
  object space 260608K, 72% used [0x00000000c0000000,0x00000000cb8ad1d0,0x00000000cfe80000)
 Metaspace       used 68537K, committed 69696K, reserved 1114112K
  class space    used 7902K, committed 8384K, reserved 1048576K
}

