# JRE version: OpenJDK Runtime Environment Temurin-17.0.13+11 (17.0.13+11) (build 17.0.13+11)
# Java VM: OpenJDK 64-Bit Server VM Temurin-17.0.13+11 (17.0.13+11, mixed mode, tiered, compressed oops, compressed class ptrs, parallel gc, windows-amd64)
GC Precious Log:
 CPUs: 12 total, 12 available
 Memory: 7835M
 Large Page Support: Disabled
 NUMA Support: Disabled
 Compressed Oops: Enabled (32-bit)
 Alignments: Space 512K, Generation 512K, Heap 2M
 Heap Min Capacity: 100M
 Heap Initial Capacity: 100M
 Heap Max Capacity: 1G
 Pre-touch: Disabled
 Parallel Workers: 10
Heap:
 PSYoungGen      total 15872K, used 8399K [0x00000000eab00000, 0x00000000ec680000, 0x0000000100000000)
  eden space 12800K, 41% used [0x00000000eab00000,0x00000000eb039b50,0x00000000eb780000)
  from space 3072K, 99% used [0x00000000ebd80000,0x00000000ec07a448,0x00000000ec080000)
  to   space 6144K, 0% used [0x00000000eb780000,0x00000000eb780000,0x00000000ebd80000)
 ParOldGen       total 68608K, used 57334K [0x00000000c0000000, 0x00000000c4300000, 0x00000000eab00000)
  object space 68608K, 83% used [0x00000000c0000000,0x00000000c37fdb68,0x00000000c4300000)
 Metaspace       used 56000K, committed 57152K, reserved 1114112K
  class space    used 6007K, committed 6528K, reserved 1048576K
GC Heap History (20 events):
Event: 15.824 GC heap before
{Heap before GC invocations=27 (full 2):
 PSYoungGen      total 18432K, used 18413K [0x00000000eab00000, 0x00000000ec480000, 0x0000000100000000)
  eden space 15872K, 100% used [0x00000000eab00000,0x00000000eba80000,0x00000000eba80000)
  from space 2560K, 99% used [0x00000000ec200000,0x00000000ec47b658,0x00000000ec480000)
  to   space 3072K, 0% used [0x00000000ebe80000,0x00000000ebe80000,0x00000000ec180000)
 ParOldGen       total 68608K, used 37190K [0x00000000c0000000, 0x00000000c4300000, 0x00000000eab00000)
  object space 68608K, 54% used [0x00000000c0000000,0x00000000c2451bb0,0x00000000c4300000)
 Metaspace       used 51978K, committed 52992K, reserved 1114112K
  class space    used 5525K, committed 5952K, reserved 1048576K
}
Event: 15.829 GC heap after
{Heap after GC invocations=27 (full 2):
 PSYoungGen      total 18432K, used 2337K [0x00000000eab00000, 0x00000000ec280000, 0x0000000100000000)
  eden space 15872K, 0% used [0x00000000eab00000,0x00000000eab00000,0x00000000eba80000)
  from space 2560K, 91% used [0x00000000ebe80000,0x00000000ec0c8798,0x00000000ec100000)
  to   space 1536K, 0% used [0x00000000ec100000,0x00000000ec100000,0x00000000ec280000)
 ParOldGen       total 68608K, used 39497K [0x00000000c0000000, 0x00000000c4300000, 0x00000000eab00000)
  object space 68608K, 57% used [0x00000000c0000000,0x00000000c2692720,0x00000000c4300000)
 Metaspace       used 51978K, committed 52992K, reserved 1114112K
  class space    used 5525K, committed 5952K, reserved 1048576K
}
Event: 15.856 GC heap before
{Heap before GC invocations=28 (full 2):
 PSYoungGen      total 18432K, used 18209K [0x00000000eab00000, 0x00000000ec280000, 0x0000000100000000)
  eden space 15872K, 100% used [0x00000000eab00000,0x00000000eba80000,0x00000000eba80000)
  from space 2560K, 91% used [0x00000000ebe80000,0x00000000ec0c8798,0x00000000ec100000)
  to   space 1536K, 0% used [0x00000000ec100000,0x00000000ec100000,0x00000000ec280000)
 ParOldGen       total 68608K, used 39497K [0x00000000c0000000, 0x00000000c4300000, 0x00000000eab00000)
  object space 68608K, 57% used [0x00000000c0000000,0x00000000c2692720,0x00000000c4300000)
 Metaspace       used 52135K, committed 53120K, reserved 1114112K
  class space    used 5548K, committed 5952K, reserved 1048576K
}
Event: 15.859 GC heap after
{Heap after GC invocations=28 (full 2):
 PSYoungGen      total 17408K, used 1536K [0x00000000eab00000, 0x00000000ec280000, 0x0000000100000000)
  eden space 15872K, 0% used [0x00000000eab00000,0x00000000eab00000,0x00000000eba80000)
  from space 1536K, 100% used [0x00000000ec100000,0x00000000ec280000,0x00000000ec280000)
  to   space 4096K, 0% used [0x00000000eba80000,0x00000000eba80000,0x00000000ebe80000)
 ParOldGen       total 68608K, used 41573K [0x00000000c0000000, 0x00000000c4300000, 0x00000000eab00000)
  object space 68608K, 60% used [0x00000000c0000000,0x00000000c2899770,0x00000000c4300000)
 Metaspace       used 52135K, committed 53120K, reserved 1114112K
  class space    used 5548K, committed 5952K, reserved 1048576K
}
Event: 15.889 GC heap before
{Heap before GC invocations=29 (full 2):
 PSYoungGen      total 17408K, used 17408K [0x00000000eab00000, 0x00000000ec280000, 0x0000000100000000)
  eden space 15872K, 100% used [0x00000000eab00000,0x00000000eba80000,0x00000000eba80000)
  from space 1536K, 100% used [0x00000000ec100000,0x00000000ec280000,0x00000000ec280000)
  to   space 4096K, 0% used [0x00000000eba80000,0x00000000eba80000,0x00000000ebe80000)
 ParOldGen       total 68608K, used 41573K [0x00000000c0000000, 0x00000000c4300000, 0x00000000eab00000)
  object space 68608K, 60% used [0x00000000c0000000,0x00000000c2899770,0x00000000c4300000)
 Metaspace       used 52253K, committed 53312K, reserved 1114112K
  class space    used 5564K, committed 6016K, reserved 1048576K
}
Event: 15.892 GC heap after
{Heap after GC invocations=29 (full 2):
 PSYoungGen      total 19968K, used 1780K [0x00000000eab00000, 0x00000000ec180000, 0x0000000100000000)
  eden space 15872K, 0% used [0x00000000eab00000,0x00000000eab00000,0x00000000eba80000)
  from space 4096K, 43% used [0x00000000eba80000,0x00000000ebc3d1b0,0x00000000ebe80000)
  to   space 2560K, 0% used [0x00000000ebf00000,0x00000000ebf00000,0x00000000ec180000)
 ParOldGen       total 68608K, used 43029K [0x00000000c0000000, 0x00000000c4300000, 0x00000000eab00000)
  object space 68608K, 62% used [0x00000000c0000000,0x00000000c2a056f8,0x00000000c4300000)
 Metaspace       used 52253K, committed 53312K, reserved 1114112K
  class space    used 5564K, committed 6016K, reserved 1048576K
}
Event: 15.923 GC heap before
{Heap before GC invocations=30 (full 2):
 PSYoungGen      total 19968K, used 17652K [0x00000000eab00000, 0x00000000ec180000, 0x0000000100000000)
  eden space 15872K, 100% used [0x00000000eab00000,0x00000000eba80000,0x00000000eba80000)
  from space 4096K, 43% used [0x00000000eba80000,0x00000000ebc3d1b0,0x00000000ebe80000)
  to   space 2560K, 0% used [0x00000000ebf00000,0x00000000ebf00000,0x00000000ec180000)
 ParOldGen       total 68608K, used 43029K [0x00000000c0000000, 0x00000000c4300000, 0x00000000eab00000)
  object space 68608K, 62% used [0x00000000c0000000,0x00000000c2a056f8,0x00000000c4300000)
 Metaspace       used 52350K, committed 53376K, reserved 1114112K
  class space    used 5576K, committed 6016K, reserved 1048576K
}
Event: 15.929 GC heap after
{Heap after GC invocations=30 (full 2):
 PSYoungGen      total 18432K, used 2053K [0x00000000eab00000, 0x00000000ec180000, 0x0000000100000000)
  eden space 15872K, 0% used [0x00000000eab00000,0x00000000eab00000,0x00000000eba80000)
  from space 2560K, 80% used [0x00000000ebf00000,0x00000000ec1017e0,0x00000000ec180000)
  to   space 2560K, 0% used [0x00000000ebc80000,0x00000000ebc80000,0x00000000ebf00000)
 ParOldGen       total 68608K, used 44630K [0x00000000c0000000, 0x00000000c4300000, 0x00000000eab00000)
  object space 68608K, 65% used [0x00000000c0000000,0x00000000c2b959a0,0x00000000c4300000)
 Metaspace       used 52350K, committed 53376K, reserved 1114112K
  class space    used 5576K, committed 6016K, reserved 1048576K
}
Event: 15.957 GC heap before
{Heap before GC invocations=31 (full 2):
 PSYoungGen      total 18432K, used 17925K [0x00000000eab00000, 0x00000000ec180000, 0x0000000100000000)
  eden space 15872K, 100% used [0x00000000eab00000,0x00000000eba80000,0x00000000eba80000)
  from space 2560K, 80% used [0x00000000ebf00000,0x00000000ec1017e0,0x00000000ec180000)
  to   space 2560K, 0% used [0x00000000ebc80000,0x00000000ebc80000,0x00000000ebf00000)
 ParOldGen       total 68608K, used 44630K [0x00000000c0000000, 0x00000000c4300000, 0x00000000eab00000)
  object space 68608K, 65% used [0x00000000c0000000,0x00000000c2b959a0,0x00000000c4300000)
 Metaspace       used 52464K, committed 53504K, reserved 1114112K
  class space    used 5593K, committed 6016K, reserved 1048576K
}
Event: 15.963 GC heap after
{Heap after GC invocations=31 (full 2):
 PSYoungGen      total 17920K, used 1792K [0x00000000eab00000, 0x00000000ebf80000, 0x0000000100000000)
  eden space 15872K, 0% used [0x00000000eab00000,0x00000000eab00000,0x00000000eba80000)
  from space 2048K, 87% used [0x00000000ebc80000,0x00000000ebe40000,0x00000000ebe80000)
  to   space 1024K, 0% used [0x00000000ebe80000,0x00000000ebe80000,0x00000000ebf80000)
 ParOldGen       total 68608K, used 46534K [0x00000000c0000000, 0x00000000c4300000, 0x00000000eab00000)
  object space 68608K, 67% used [0x00000000c0000000,0x00000000c2d71a30,0x00000000c4300000)
 Metaspace       used 52464K, committed 53504K, reserved 1114112K
  class space    used 5593K, committed 6016K, reserved 1048576K
}
Event: 16.020 GC heap before
{Heap before GC invocations=32 (full 2):
 PSYoungGen      total 17920K, used 17664K [0x00000000eab00000, 0x00000000ebf80000, 0x0000000100000000)
  eden space 15872K, 100% used [0x00000000eab00000,0x00000000eba80000,0x00000000eba80000)
  from space 2048K, 87% used [0x00000000ebc80000,0x00000000ebe40000,0x00000000ebe80000)
  to   space 1024K, 0% used [0x00000000ebe80000,0x00000000ebe80000,0x00000000ebf80000)
 ParOldGen       total 68608K, used 46534K [0x00000000c0000000, 0x00000000c4300000, 0x00000000eab00000)
  object space 68608K, 67% used [0x00000000c0000000,0x00000000c2d71a30,0x00000000c4300000)
 Metaspace       used 52631K, committed 53760K, reserved 1114112K
  class space    used 5621K, committed 6080K, reserved 1048576K
}
Event: 16.023 GC heap after
{Heap after GC invocations=32 (full 2):
 PSYoungGen      total 16896K, used 997K [0x00000000eab00000, 0x00000000ec280000, 0x0000000100000000)
  eden space 15872K, 0% used [0x00000000eab00000,0x00000000eab00000,0x00000000eba80000)
  from space 1024K, 97% used [0x00000000ebe80000,0x00000000ebf79618,0x00000000ebf80000)
  to   space 4096K, 0% used [0x00000000eba80000,0x00000000eba80000,0x00000000ebe80000)
 ParOldGen       total 68608K, used 49290K [0x00000000c0000000, 0x00000000c4300000, 0x00000000eab00000)
  object space 68608K, 71% used [0x00000000c0000000,0x00000000c30229e8,0x00000000c4300000)
 Metaspace       used 52631K, committed 53760K, reserved 1114112K
  class space    used 5621K, committed 6080K, reserved 1048576K
}
Event: 16.106 GC heap before
{Heap before GC invocations=33 (full 2):
 PSYoungGen      total 16896K, used 16869K [0x00000000eab00000, 0x00000000ec280000, 0x0000000100000000)
  eden space 15872K, 100% used [0x00000000eab00000,0x00000000eba80000,0x00000000eba80000)
  from space 1024K, 97% used [0x00000000ebe80000,0x00000000ebf79618,0x00000000ebf80000)
  to   space 4096K, 0% used [0x00000000eba80000,0x00000000eba80000,0x00000000ebe80000)
 ParOldGen       total 68608K, used 49290K [0x00000000c0000000, 0x00000000c4300000, 0x00000000eab00000)
  object space 68608K, 71% used [0x00000000c0000000,0x00000000c3022a00,0x00000000c4300000)
 Metaspace       used 53642K, committed 54720K, reserved 1114112K
  class space    used 5720K, committed 6144K, reserved 1048576K
}
Event: 16.109 GC heap after
{Heap after GC invocations=33 (full 2):
 PSYoungGen      total 18944K, used 2734K [0x00000000eab00000, 0x00000000ec180000, 0x0000000100000000)
  eden space 15872K, 0% used [0x00000000eab00000,0x00000000eab00000,0x00000000eba80000)
  from space 3072K, 89% used [0x00000000eba80000,0x00000000ebd2bab0,0x00000000ebd80000)
  to   space 3584K, 0% used [0x00000000ebe00000,0x00000000ebe00000,0x00000000ec180000)
 ParOldGen       total 68608K, used 50269K [0x00000000c0000000, 0x00000000c4300000, 0x00000000eab00000)
  object space 68608K, 73% used [0x00000000c0000000,0x00000000c3117708,0x00000000c4300000)
 Metaspace       used 53642K, committed 54720K, reserved 1114112K
  class space    used 5720K, committed 6144K, reserved 1048576K
}
Event: 16.176 GC heap before
{Heap before GC invocations=34 (full 2):
 PSYoungGen      total 18944K, used 18606K [0x00000000eab00000, 0x00000000ec180000, 0x0000000100000000)
  eden space 15872K, 100% used [0x00000000eab00000,0x00000000eba80000,0x00000000eba80000)
  from space 3072K, 89% used [0x00000000eba80000,0x00000000ebd2bab0,0x00000000ebd80000)
  to   space 3584K, 0% used [0x00000000ebe00000,0x00000000ebe00000,0x00000000ec180000)
 ParOldGen       total 68608K, used 50272K [0x00000000c0000000, 0x00000000c4300000, 0x00000000eab00000)
  object space 68608K, 73% used [0x00000000c0000000,0x00000000c3118158,0x00000000c4300000)
 Metaspace       used 54586K, committed 55744K, reserved 1114112K
  class space    used 5852K, committed 6336K, reserved 1048576K
}
Event: 16.182 GC heap after
{Heap after GC invocations=34 (full 2):
 PSYoungGen      total 18432K, used 2436K [0x00000000eab00000, 0x00000000ec080000, 0x0000000100000000)
  eden space 15872K, 0% used [0x00000000eab00000,0x00000000eab00000,0x00000000eba80000)
  from space 2560K, 95% used [0x00000000ebe00000,0x00000000ec061148,0x00000000ec080000)
  to   space 3072K, 0% used [0x00000000eba80000,0x00000000eba80000,0x00000000ebd80000)
 ParOldGen       total 68608K, used 52758K [0x00000000c0000000, 0x00000000c4300000, 0x00000000eab00000)
  object space 68608K, 76% used [0x00000000c0000000,0x00000000c3385b28,0x00000000c4300000)
 Metaspace       used 54586K, committed 55744K, reserved 1114112K
  class space    used 5852K, committed 6336K, reserved 1048576K
}
Event: 16.272 GC heap before
{Heap before GC invocations=35 (full 2):
 PSYoungGen      total 18432K, used 18308K [0x00000000eab00000, 0x00000000ec080000, 0x0000000100000000)
  eden space 15872K, 100% used [0x00000000eab00000,0x00000000eba80000,0x00000000eba80000)
  from space 2560K, 95% used [0x00000000ebe00000,0x00000000ec061148,0x00000000ec080000)
  to   space 3072K, 0% used [0x00000000eba80000,0x00000000eba80000,0x00000000ebd80000)
 ParOldGen       total 68608K, used 52758K [0x00000000c0000000, 0x00000000c4300000, 0x00000000eab00000)
  object space 68608K, 76% used [0x00000000c0000000,0x00000000c3385b28,0x00000000c4300000)
 Metaspace       used 55350K, committed 56384K, reserved 1114112K
  class space    used 5937K, committed 6400K, reserved 1048576K
}
Event: 16.274 GC heap after
{Heap after GC invocations=35 (full 2):
 PSYoungGen      total 18944K, used 2682K [0x00000000eab00000, 0x00000000ec080000, 0x0000000100000000)
  eden space 15872K, 0% used [0x00000000eab00000,0x00000000eab00000,0x00000000eba80000)
  from space 3072K, 87% used [0x00000000eba80000,0x00000000ebd1eb08,0x00000000ebd80000)
  to   space 3072K, 0% used [0x00000000ebd80000,0x00000000ebd80000,0x00000000ec080000)
 ParOldGen       total 68608K, used 54925K [0x00000000c0000000, 0x00000000c4300000, 0x00000000eab00000)
  object space 68608K, 80% used [0x00000000c0000000,0x00000000c35a3420,0x00000000c4300000)
 Metaspace       used 55350K, committed 56384K, reserved 1114112K
  class space    used 5937K, committed 6400K, reserved 1048576K
}
Event: 16.386 GC heap before
{Heap before GC invocations=36 (full 2):
 PSYoungGen      total 18944K, used 18554K [0x00000000eab00000, 0x00000000ec080000, 0x0000000100000000)
  eden space 15872K, 100% used [0x00000000eab00000,0x00000000eba80000,0x00000000eba80000)
  from space 3072K, 87% used [0x00000000eba80000,0x00000000ebd1eb08,0x00000000ebd80000)
  to   space 3072K, 0% used [0x00000000ebd80000,0x00000000ebd80000,0x00000000ec080000)
 ParOldGen       total 68608K, used 54925K [0x00000000c0000000, 0x00000000c4300000, 0x00000000eab00000)
  object space 68608K, 80% used [0x00000000c0000000,0x00000000c35a3420,0x00000000c4300000)
 Metaspace       used 55814K, committed 56960K, reserved 1114112K
  class space    used 5984K, committed 6528K, reserved 1048576K
}
Event: 16.390 GC heap after
{Heap after GC invocations=36 (full 2):
 PSYoungGen      total 15872K, used 3049K [0x00000000eab00000, 0x00000000ec680000, 0x0000000100000000)
  eden space 12800K, 0% used [0x00000000eab00000,0x00000000eab00000,0x00000000eb780000)
  from space 3072K, 99% used [0x00000000ebd80000,0x00000000ec07a448,0x00000000ec080000)
  to   space 6144K, 0% used [0x00000000eb780000,0x00000000eb780000,0x00000000ebd80000)
 ParOldGen       total 68608K, used 57334K [0x00000000c0000000, 0x00000000c4300000, 0x00000000eab00000)
  object space 68608K, 83% used [0x00000000c0000000,0x00000000c37fdb68,0x00000000c4300000)
 Metaspace       used 55814K, committed 56960K, reserved 1114112K
  class space    used 5984K, committed 6528K, reserved 1048576K
}

